Using pre-set license
Built from '2021.1/staging' branch; Version is '2021.1.3f1 (4bef613afd59) revision 4976481'; Using compiler version '192528614'; Build Type 'Release'
OS: 'Windows 10 Home Single Language; OS build 22000.2538; Version 2009; 64bit' Language: 'es' Physical Memory: 15741 MB
BatchMode: 1, IsHumanControllingUs: 0, StartBugReporterOnCrash: 0, Is64bit: 1, IsPro: 0

 COMMAND LINE ARGUMENTS:
C:\Program Files\Unity\Hub\Editor\2021.1.3f1\Editor\Unity.exe
-adb2
-batchMode
-noUpm
-name
AssetImportWorker0
-projectPath
C:/Users/07con/Prueba1
-logFile
Logs/AssetImportWorker0.log
-srvPort
52806
Successfully changed project path to: C:/Users/07con/Prueba1
C:/Users/07con/Prueba1
Using Asset Import Pipeline V2.
Refreshing native plugins compatible for Editor in 114.10 ms, found 2 plugins.
Preloading 0 native plugins for Editor in 0.00 ms.
Initialize engine version: 2021.1.3f1 (4bef613afd59)
[Subsystems] Discovering subsystems at path C:/Program Files/Unity/Hub/Editor/2021.1.3f1/Editor/Data/Resources/UnitySubsystems
[Subsystems] Discovering subsystems at path C:/Users/07con/Prueba1/Assets
GfxDevice: creating device client; threaded=0; jobified=0
Direct3D:
    Version:  Direct3D 11.0 [level 11.1]
    Renderer: NVIDIA GeForce GTX 1650 (ID=0x1f99)
    Vendor:   NVIDIA
    VRAM:     3950 MB
    Driver:   31.0.15.3713
Initialize mono
Mono path[0] = 'C:/Program Files/Unity/Hub/Editor/2021.1.3f1/Editor/Data/Managed'
Mono path[1] = 'C:/Program Files/Unity/Hub/Editor/2021.1.3f1/Editor/Data/MonoBleedingEdge/lib/mono/unityjit'
Mono config path = 'C:/Program Files/Unity/Hub/Editor/2021.1.3f1/Editor/Data/MonoBleedingEdge/etc'
Using monoOptions --debugger-agent=transport=dt_socket,embedding=1,server=y,suspend=n,address=127.0.0.1:56564
Begin MonoManager ReloadAssembly
Registering precompiled unity dll's ...
Register platform support module: C:/Program Files/Unity/Hub/Editor/2021.1.3f1/Editor/Data/PlaybackEngines/WindowsStandaloneSupport/UnityEditor.WindowsStandalone.Extensions.dll
Registered in 0.001833 seconds.
Native extension for WindowsStandalone target not found
Refreshing native plugins compatible for Editor in 114.34 ms, found 2 plugins.
Preloading 0 native plugins for Editor in 0.00 ms.
Mono: successfully reloaded assembly
- Completed reload, in  1.474 seconds
Platform modules already initialized, skipping
Registering precompiled user dll's ...
Registered in 0.004310 seconds.
Begin MonoManager ReloadAssembly
Native extension for WindowsStandalone target not found
Refreshing native plugins compatible for Editor in 109.80 ms, found 2 plugins.
Preloading 0 native plugins for Editor in 0.00 ms.
Mono: successfully reloaded assembly
- Completed reload, in  1.239 seconds
Platform modules already initialized, skipping
========================================================================
Worker process is ready to serve import requests
Launched and connected shader compiler UnityShaderCompiler.exe after 0.05 seconds
Refreshing native plugins compatible for Editor in 0.81 ms, found 2 plugins.
Preloading 0 native plugins for Editor in 0.00 ms.
Unloading 3374 Unused Serialized files (Serialized files now loaded: 0)
System memory in use before: 128.0 MB.
System memory in use after: 128.1 MB.

Unloading 29 unused Assets to reduce memory usage. Loaded Objects now: 3827.
Total: 2.963000 ms (FindLiveObjects: 0.399400 ms CreateObjectMapping: 0.136100 ms MarkObjects: 2.296400 ms  DeleteObjects: 0.129700 ms)

========================================================================
Received Import Request.
  path: Assets/Scripts/bala.cs
  artifactKey: Guid(16393a56ae29e9e48b7b8942b37411fe) Importer(815301076,1909f56bfc062723c751e8b465ee728b)
Start importing Assets/Scripts/bala.cs using Guid(16393a56ae29e9e48b7b8942b37411fe) Importer(815301076,1909f56bfc062723c751e8b465ee728b)  -> (artifact id: '1a3dc36404a3f78902fe9ee5bc1289db') in 0.051985 seconds 
========================================================================
Received Import Request.
  Time since last request: 50.612305 seconds.
  path: Assets/Scripts/Disparo.cs
  artifactKey: Guid(482bb64c0851c164180a80b28d864a9d) Importer(815301076,1909f56bfc062723c751e8b465ee728b)
Start importing Assets/Scripts/Disparo.cs using Guid(482bb64c0851c164180a80b28d864a9d) Importer(815301076,1909f56bfc062723c751e8b465ee728b)  -> (artifact id: 'e3f12d921a1fa06c042e70b975f09575') in 0.010146 seconds 
========================================================================
Received Import Request.
  Time since last request: 41.650455 seconds.
  path: Assets/Scripts/Disparo.cs
  artifactKey: Guid(482bb64c0851c164180a80b28d864a9d) Importer(815301076,1909f56bfc062723c751e8b465ee728b)
Start importing Assets/Scripts/Disparo.cs using Guid(482bb64c0851c164180a80b28d864a9d) Importer(815301076,1909f56bfc062723c751e8b465ee728b)  -> (artifact id: '6c814343af8d78563c64983741d451af') in 0.003152 seconds 
========================================================================
Received Import Request.
  Time since last request: 502.064164 seconds.
  path: Assets/Scripts/Disparo.cs
  artifactKey: Guid(482bb64c0851c164180a80b28d864a9d) Importer(815301076,1909f56bfc062723c751e8b465ee728b)
Start importing Assets/Scripts/Disparo.cs using Guid(482bb64c0851c164180a80b28d864a9d) Importer(815301076,1909f56bfc062723c751e8b465ee728b)  -> (artifact id: '39f2dbe91a9dd8f2db5298c297b738c2') in 0.014328 seconds 
========================================================================
Received Import Request.
  Time since last request: 27.954993 seconds.
  path: Assets/Scripts/Disparo.cs
  artifactKey: Guid(482bb64c0851c164180a80b28d864a9d) Importer(815301076,1909f56bfc062723c751e8b465ee728b)
Start importing Assets/Scripts/Disparo.cs using Guid(482bb64c0851c164180a80b28d864a9d) Importer(815301076,1909f56bfc062723c751e8b465ee728b)  -> (artifact id: '17dbfc1bb976df1be6e8a0bf095bd697') in 0.006813 seconds 
========================================================================
Received Import Request.
  Time since last request: 24.381401 seconds.
  path: Assets/Scripts/Disparo.cs
  artifactKey: Guid(482bb64c0851c164180a80b28d864a9d) Importer(815301076,1909f56bfc062723c751e8b465ee728b)
Start importing Assets/Scripts/Disparo.cs using Guid(482bb64c0851c164180a80b28d864a9d) Importer(815301076,1909f56bfc062723c751e8b465ee728b)  -> (artifact id: 'c4c54543ed2010a691d2a798c7358e72') in 0.003682 seconds 
========================================================================
Received Import Request.
  Time since last request: 62.422575 seconds.
  path: Assets/Scripts/Disparo.cs
  artifactKey: Guid(482bb64c0851c164180a80b28d864a9d) Importer(815301076,1909f56bfc062723c751e8b465ee728b)
Start importing Assets/Scripts/Disparo.cs using Guid(482bb64c0851c164180a80b28d864a9d) Importer(815301076,1909f56bfc062723c751e8b465ee728b)  -> (artifact id: '62ad6c89635e6c47bb4ddb80007c6362') in 0.003361 seconds 
========================================================================
Received Import Request.
  Time since last request: 77.834291 seconds.
  path: Assets/Scripts/Disparo.cs
  artifactKey: Guid(482bb64c0851c164180a80b28d864a9d) Importer(815301076,1909f56bfc062723c751e8b465ee728b)
Start importing Assets/Scripts/Disparo.cs using Guid(482bb64c0851c164180a80b28d864a9d) Importer(815301076,1909f56bfc062723c751e8b465ee728b)  -> (artifact id: '261da6e2f0d6c252ead3219fd21db06f') in 0.003536 seconds 
========================================================================
Received Import Request.
  Time since last request: 378.105930 seconds.
  path: Assets/Scripts/Disparo.cs
  artifactKey: Guid(482bb64c0851c164180a80b28d864a9d) Importer(815301076,1909f56bfc062723c751e8b465ee728b)
Start importing Assets/Scripts/Disparo.cs using Guid(482bb64c0851c164180a80b28d864a9d) Importer(815301076,1909f56bfc062723c751e8b465ee728b)  -> (artifact id: '6e7739b9e894b7b0d4f435802c04f738') in 0.003708 seconds 
========================================================================
Received Import Request.
  Time since last request: 172.107610 seconds.
  path: Assets/Scripts/Disparo.cs
  artifactKey: Guid(482bb64c0851c164180a80b28d864a9d) Importer(815301076,1909f56bfc062723c751e8b465ee728b)
Start importing Assets/Scripts/Disparo.cs using Guid(482bb64c0851c164180a80b28d864a9d) Importer(815301076,1909f56bfc062723c751e8b465ee728b)  -> (artifact id: '2c1e927f15a5f09741c173c0f2849c7c') in 0.004487 seconds 
========================================================================
Received Import Request.
  Time since last request: 36.759999 seconds.
  path: Assets/Scripts/Disparo.cs
  artifactKey: Guid(482bb64c0851c164180a80b28d864a9d) Importer(815301076,1909f56bfc062723c751e8b465ee728b)
Start importing Assets/Scripts/Disparo.cs using Guid(482bb64c0851c164180a80b28d864a9d) Importer(815301076,1909f56bfc062723c751e8b465ee728b)  -> (artifact id: '606942ad28a1abb60eee14f06f568a01') in 0.004519 seconds 
========================================================================
Received Import Request.
  Time since last request: 156.926559 seconds.
  path: Assets/Scripts/Disparo.cs
  artifactKey: Guid(482bb64c0851c164180a80b28d864a9d) Importer(815301076,1909f56bfc062723c751e8b465ee728b)
Start importing Assets/Scripts/Disparo.cs using Guid(482bb64c0851c164180a80b28d864a9d) Importer(815301076,1909f56bfc062723c751e8b465ee728b)  -> (artifact id: 'f49ef25f0229f9e4089f162a2e369963') in 0.003843 seconds 
========================================================================
Received Import Request.
  Time since last request: 37.676990 seconds.
  path: Assets/Scripts/Disparo.cs
  artifactKey: Guid(482bb64c0851c164180a80b28d864a9d) Importer(815301076,1909f56bfc062723c751e8b465ee728b)
Start importing Assets/Scripts/Disparo.cs using Guid(482bb64c0851c164180a80b28d864a9d) Importer(815301076,1909f56bfc062723c751e8b465ee728b)  -> (artifact id: 'c59fadcaa2b1c940fd1e6efd28ff5747') in 0.004225 seconds 
========================================================================
Received Prepare
Registering precompiled user dll's ...
Registered in 0.006987 seconds.
Begin MonoManager ReloadAssembly
Native extension for WindowsStandalone target not found
Refreshing native plugins compatible for Editor in 1.10 ms, found 2 plugins.
Preloading 0 native plugins for Editor in 0.00 ms.
Mono: successfully reloaded assembly
- Completed reload, in  1.121 seconds
Platform modules already initialized, skipping
Refreshing native plugins compatible for Editor in 0.85 ms, found 2 plugins.
Preloading 0 native plugins for Editor in 0.00 ms.
Unloading 3369 Unused Serialized files (Serialized files now loaded: 0)
System memory in use before: 128.0 MB.
System memory in use after: 128.1 MB.

Unloading 17 unused Assets to reduce memory usage. Loaded Objects now: 3831.
Total: 2.939500 ms (FindLiveObjects: 0.366900 ms CreateObjectMapping: 0.120800 ms MarkObjects: 2.303600 ms  DeleteObjects: 0.146500 ms)

========================================================================
Received Prepare
Registering precompiled user dll's ...
Registered in 0.005426 seconds.
Begin MonoManager ReloadAssembly
Native extension for WindowsStandalone target not found
Refreshing native plugins compatible for Editor in 1.71 ms, found 2 plugins.
Preloading 0 native plugins for Editor in 0.00 ms.
Mono: successfully reloaded assembly
- Completed reload, in  1.141 seconds
Platform modules already initialized, skipping
Refreshing native plugins compatible for Editor in 1.92 ms, found 2 plugins.
Preloading 0 native plugins for Editor in 0.00 ms.
Unloading 3369 Unused Serialized files (Serialized files now loaded: 0)
System memory in use before: 128.1 MB.
System memory in use after: 128.2 MB.

Unloading 17 unused Assets to reduce memory usage. Loaded Objects now: 3835.
Total: 4.040600 ms (FindLiveObjects: 0.380900 ms CreateObjectMapping: 0.123500 ms MarkObjects: 3.340000 ms  DeleteObjects: 0.193500 ms)

========================================================================
Received Prepare
Registering precompiled user dll's ...
Registered in 0.003956 seconds.
Begin MonoManager ReloadAssembly
Native extension for WindowsStandalone target not found
Refreshing native plugins compatible for Editor in 1.43 ms, found 2 plugins.
Preloading 0 native plugins for Editor in 0.00 ms.
Mono: successfully reloaded assembly
- Completed reload, in  1.227 seconds
Platform modules already initialized, skipping
Refreshing native plugins compatible for Editor in 1.33 ms, found 2 plugins.
Preloading 0 native plugins for Editor in 0.00 ms.
Unloading 3369 Unused Serialized files (Serialized files now loaded: 0)
System memory in use before: 128.1 MB.
System memory in use after: 128.2 MB.

Unloading 17 unused Assets to reduce memory usage. Loaded Objects now: 3839.
Total: 3.305900 ms (FindLiveObjects: 0.508400 ms CreateObjectMapping: 0.185700 ms MarkObjects: 2.488300 ms  DeleteObjects: 0.121400 ms)

========================================================================
Received Prepare
Registering precompiled user dll's ...
Registered in 0.003865 seconds.
Begin MonoManager ReloadAssembly
Native extension for WindowsStandalone target not found
Refreshing native plugins compatible for Editor in 1.18 ms, found 2 plugins.
Preloading 0 native plugins for Editor in 0.00 ms.
Mono: successfully reloaded assembly
- Completed reload, in  1.211 seconds
Platform modules already initialized, skipping
Refreshing native plugins compatible for Editor in 0.71 ms, found 2 plugins.
Preloading 0 native plugins for Editor in 0.00 ms.
Unloading 3369 Unused Serialized files (Serialized files now loaded: 0)
System memory in use before: 128.2 MB.
System memory in use after: 128.3 MB.

Unloading 17 unused Assets to reduce memory usage. Loaded Objects now: 3843.
Total: 6.409300 ms (FindLiveObjects: 0.621000 ms CreateObjectMapping: 0.415500 ms MarkObjects: 5.110900 ms  DeleteObjects: 0.259800 ms)

========================================================================
Received Prepare
Registering precompiled user dll's ...
Registered in 0.004314 seconds.
Begin MonoManager ReloadAssembly
Native extension for WindowsStandalone target not found
Refreshing native plugins compatible for Editor in 1.11 ms, found 2 plugins.
Preloading 0 native plugins for Editor in 0.00 ms.
Mono: successfully reloaded assembly
- Completed reload, in  1.156 seconds
Platform modules already initialized, skipping
Refreshing native plugins compatible for Editor in 1.62 ms, found 2 plugins.
Preloading 0 native plugins for Editor in 0.00 ms.
Unloading 3369 Unused Serialized files (Serialized files now loaded: 0)
System memory in use before: 128.2 MB.
System memory in use after: 128.3 MB.

Unloading 17 unused Assets to reduce memory usage. Loaded Objects now: 3847.
Total: 4.048300 ms (FindLiveObjects: 0.521600 ms CreateObjectMapping: 0.182000 ms MarkObjects: 3.155900 ms  DeleteObjects: 0.186100 ms)

========================================================================
Received Prepare
Registering precompiled user dll's ...
Registered in 0.003666 seconds.
Begin MonoManager ReloadAssembly
Native extension for WindowsStandalone target not found
Refreshing native plugins compatible for Editor in 1.24 ms, found 2 plugins.
Preloading 0 native plugins for Editor in 0.00 ms.
Mono: successfully reloaded assembly
- Completed reload, in  1.149 seconds
Platform modules already initialized, skipping
Refreshing native plugins compatible for Editor in 0.78 ms, found 2 plugins.
Preloading 0 native plugins for Editor in 0.00 ms.
Unloading 3369 Unused Serialized files (Serialized files now loaded: 0)
System memory in use before: 128.2 MB.
System memory in use after: 128.3 MB.

Unloading 17 unused Assets to reduce memory usage. Loaded Objects now: 3851.
Total: 3.106200 ms (FindLiveObjects: 0.627300 ms CreateObjectMapping: 0.096500 ms MarkObjects: 2.260300 ms  DeleteObjects: 0.118800 ms)

========================================================================
Received Prepare
Registering precompiled user dll's ...
Registered in 0.004136 seconds.
Begin MonoManager ReloadAssembly
Native extension for WindowsStandalone target not found
Refreshing native plugins compatible for Editor in 0.72 ms, found 2 plugins.
Preloading 0 native plugins for Editor in 0.00 ms.
Mono: successfully reloaded assembly
- Completed reload, in  1.010 seconds
Platform modules already initialized, skipping
Refreshing native plugins compatible for Editor in 0.88 ms, found 2 plugins.
Preloading 0 native plugins for Editor in 0.00 ms.
Unloading 3369 Unused Serialized files (Serialized files now loaded: 0)
System memory in use before: 128.2 MB.
System memory in use after: 128.3 MB.

Unloading 17 unused Assets to reduce memory usage. Loaded Objects now: 3855.
Total: 2.563100 ms (FindLiveObjects: 0.339500 ms CreateObjectMapping: 0.090200 ms MarkObjects: 2.023100 ms  DeleteObjects: 0.109100 ms)

========================================================================
Received Prepare
Registering precompiled user dll's ...
Registered in 0.003740 seconds.
Begin MonoManager ReloadAssembly
Native extension for WindowsStandalone target not found
Refreshing native plugins compatible for Editor in 1.41 ms, found 2 plugins.
Preloading 0 native plugins for Editor in 0.00 ms.
Mono: successfully reloaded assembly
- Completed reload, in  1.042 seconds
Platform modules already initialized, skipping
Refreshing native plugins compatible for Editor in 1.32 ms, found 2 plugins.
Preloading 0 native plugins for Editor in 0.00 ms.
Unloading 3369 Unused Serialized files (Serialized files now loaded: 0)
System memory in use before: 128.2 MB.
System memory in use after: 128.3 MB.

Unloading 17 unused Assets to reduce memory usage. Loaded Objects now: 3859.
Total: 4.744400 ms (FindLiveObjects: 0.686200 ms CreateObjectMapping: 0.169400 ms MarkObjects: 3.768800 ms  DeleteObjects: 0.118300 ms)

========================================================================
Received Prepare
Registering precompiled user dll's ...
Registered in 0.005412 seconds.
Begin MonoManager ReloadAssembly
Native extension for WindowsStandalone target not found
Refreshing native plugins compatible for Editor in 0.91 ms, found 2 plugins.
Preloading 0 native plugins for Editor in 0.00 ms.
Mono: successfully reloaded assembly
- Completed reload, in  1.277 seconds
Platform modules already initialized, skipping
Refreshing native plugins compatible for Editor in 1.48 ms, found 2 plugins.
Preloading 0 native plugins for Editor in 0.00 ms.
Unloading 3369 Unused Serialized files (Serialized files now loaded: 0)
System memory in use before: 128.2 MB.
System memory in use after: 128.3 MB.

Unloading 17 unused Assets to reduce memory usage. Loaded Objects now: 3863.
Total: 3.808400 ms (FindLiveObjects: 0.630400 ms CreateObjectMapping: 0.489800 ms MarkObjects: 2.576600 ms  DeleteObjects: 0.109700 ms)

========================================================================
Received Prepare
Registering precompiled user dll's ...
Registered in 0.008832 seconds.
Begin MonoManager ReloadAssembly
Native extension for WindowsStandalone target not found
Refreshing native plugins compatible for Editor in 0.75 ms, found 2 plugins.
Preloading 0 native plugins for Editor in 0.00 ms.
Mono: successfully reloaded assembly
- Completed reload, in  1.249 seconds
Platform modules already initialized, skipping
Refreshing native plugins compatible for Editor in 1.36 ms, found 2 plugins.
Preloading 0 native plugins for Editor in 0.00 ms.
Unloading 3369 Unused Serialized files (Serialized files now loaded: 0)
System memory in use before: 128.2 MB.
System memory in use after: 128.3 MB.

Unloading 17 unused Assets to reduce memory usage. Loaded Objects now: 3867.
Total: 4.594300 ms (FindLiveObjects: 0.766300 ms CreateObjectMapping: 0.486900 ms MarkObjects: 3.226700 ms  DeleteObjects: 0.112700 ms)

========================================================================
Received Prepare
Registering precompiled user dll's ...
Registered in 0.004980 seconds.
Begin MonoManager ReloadAssembly
Native extension for WindowsStandalone target not found
Refreshing native plugins compatible for Editor in 1.44 ms, found 2 plugins.
Preloading 0 native plugins for Editor in 0.00 ms.
Mono: successfully reloaded assembly
- Completed reload, in  1.233 seconds
Platform modules already initialized, skipping
Refreshing native plugins compatible for Editor in 0.88 ms, found 2 plugins.
Preloading 0 native plugins for Editor in 0.00 ms.
Unloading 3369 Unused Serialized files (Serialized files now loaded: 0)
System memory in use before: 128.2 MB.
System memory in use after: 128.3 MB.

Unloading 17 unused Assets to reduce memory usage. Loaded Objects now: 3871.
Total: 2.964200 ms (FindLiveObjects: 0.390100 ms CreateObjectMapping: 0.091400 ms MarkObjects: 2.372800 ms  DeleteObjects: 0.107600 ms)

========================================================================
Received Import Request.
  Time since last request: 1346.959606 seconds.
  path: Assets/Scripts/bala.cs
  artifactKey: Guid(16393a56ae29e9e48b7b8942b37411fe) Importer(815301076,1909f56bfc062723c751e8b465ee728b)
Start importing Assets/Scripts/bala.cs using Guid(16393a56ae29e9e48b7b8942b37411fe) Importer(815301076,1909f56bfc062723c751e8b465ee728b)  -> (artifact id: '333f0c574d037d3c4cede6e0604d9153') in 0.010893 seconds 
========================================================================
Received Import Request.
  Time since last request: 2.619892 seconds.
  path: Assets/Prefab/bala.prefab
  artifactKey: Guid(e75c0fc4514ad17458401a96afc98d7c) Importer(815301076,1909f56bfc062723c751e8b465ee728b)
Start importing Assets/Prefab/bala.prefab using Guid(e75c0fc4514ad17458401a96afc98d7c) Importer(815301076,1909f56bfc062723c751e8b465ee728b)  -> (artifact id: 'cd15523cba332c8297535f43245f402f') in 0.111982 seconds 
========================================================================
Received Prepare
Registering precompiled user dll's ...
Registered in 0.003912 seconds.
Begin MonoManager ReloadAssembly
Native extension for WindowsStandalone target not found
Refreshing native plugins compatible for Editor in 0.71 ms, found 2 plugins.
Preloading 0 native plugins for Editor in 0.00 ms.
Mono: successfully reloaded assembly
- Completed reload, in  1.080 seconds
Platform modules already initialized, skipping
Refreshing native plugins compatible for Editor in 0.83 ms, found 2 plugins.
Preloading 0 native plugins for Editor in 0.00 ms.
Unloading 3369 Unused Serialized files (Serialized files now loaded: 0)
System memory in use before: 131.8 MB.
System memory in use after: 131.9 MB.

Unloading 17 unused Assets to reduce memory usage. Loaded Objects now: 3882.
Total: 3.590300 ms (FindLiveObjects: 0.348600 ms CreateObjectMapping: 0.125000 ms MarkObjects: 2.997300 ms  DeleteObjects: 0.117400 ms)

========================================================================
Received Prepare
Registering precompiled user dll's ...
Registered in 0.005049 seconds.
Begin MonoManager ReloadAssembly
Native extension for WindowsStandalone target not found
Refreshing native plugins compatible for Editor in 0.71 ms, found 2 plugins.
Preloading 0 native plugins for Editor in 0.00 ms.
Mono: successfully reloaded assembly
- Completed reload, in  1.308 seconds
Platform modules already initialized, skipping
Refreshing native plugins compatible for Editor in 0.94 ms, found 2 plugins.
Preloading 0 native plugins for Editor in 0.00 ms.
Unloading 3369 Unused Serialized files (Serialized files now loaded: 0)
System memory in use before: 131.9 MB.
System memory in use after: 132.0 MB.

Unloading 17 unused Assets to reduce memory usage. Loaded Objects now: 3886.
Total: 3.569300 ms (FindLiveObjects: 0.657900 ms CreateObjectMapping: 0.392800 ms MarkObjects: 2.410000 ms  DeleteObjects: 0.107500 ms)

========================================================================
Received Prepare
Registering precompiled user dll's ...
Registered in 0.004659 seconds.
Begin MonoManager ReloadAssembly
Native extension for WindowsStandalone target not found
Refreshing native plugins compatible for Editor in 0.76 ms, found 2 plugins.
Preloading 0 native plugins for Editor in 0.00 ms.
Mono: successfully reloaded assembly
- Completed reload, in  1.084 seconds
Platform modules already initialized, skipping
Refreshing native plugins compatible for Editor in 1.15 ms, found 2 plugins.
Preloading 0 native plugins for Editor in 0.00 ms.
Unloading 3369 Unused Serialized files (Serialized files now loaded: 0)
System memory in use before: 131.9 MB.
System memory in use after: 132.0 MB.

Unloading 17 unused Assets to reduce memory usage. Loaded Objects now: 3890.
Total: 4.382000 ms (FindLiveObjects: 0.419100 ms CreateObjectMapping: 0.156300 ms MarkObjects: 3.105900 ms  DeleteObjects: 0.698800 ms)

========================================================================
Received Prepare
Registering precompiled user dll's ...
Registered in 0.005991 seconds.
Begin MonoManager ReloadAssembly
Native extension for WindowsStandalone target not found
Refreshing native plugins compatible for Editor in 1.15 ms, found 2 plugins.
Preloading 0 native plugins for Editor in 0.00 ms.
Mono: successfully reloaded assembly
- Completed reload, in  1.125 seconds
Platform modules already initialized, skipping
Refreshing native plugins compatible for Editor in 1.87 ms, found 2 plugins.
Preloading 0 native plugins for Editor in 0.00 ms.
Unloading 3369 Unused Serialized files (Serialized files now loaded: 0)
System memory in use before: 131.9 MB.
System memory in use after: 132.0 MB.

Unloading 17 unused Assets to reduce memory usage. Loaded Objects now: 3894.
Total: 6.473700 ms (FindLiveObjects: 0.940800 ms CreateObjectMapping: 0.200100 ms MarkObjects: 5.092200 ms  DeleteObjects: 0.236000 ms)

========================================================================
Received Prepare
Registering precompiled user dll's ...
Registered in 0.005164 seconds.
Begin MonoManager ReloadAssembly
Native extension for WindowsStandalone target not found
Refreshing native plugins compatible for Editor in 0.99 ms, found 2 plugins.
Preloading 0 native plugins for Editor in 0.00 ms.
Mono: successfully reloaded assembly
- Completed reload, in  1.121 seconds
Platform modules already initialized, skipping
Refreshing native plugins compatible for Editor in 2.20 ms, found 2 plugins.
Preloading 0 native plugins for Editor in 0.00 ms.
Unloading 3369 Unused Serialized files (Serialized files now loaded: 0)
System memory in use before: 131.9 MB.
System memory in use after: 132.0 MB.

Unloading 17 unused Assets to reduce memory usage. Loaded Objects now: 3898.
Total: 4.775300 ms (FindLiveObjects: 0.640100 ms CreateObjectMapping: 0.417400 ms MarkObjects: 3.596900 ms  DeleteObjects: 0.118700 ms)

========================================================================
Received Prepare
Registering precompiled user dll's ...
Registered in 0.003940 seconds.
Begin MonoManager ReloadAssembly
Native extension for WindowsStandalone target not found
Refreshing native plugins compatible for Editor in 0.82 ms, found 2 plugins.
Preloading 0 native plugins for Editor in 0.00 ms.
Mono: successfully reloaded assembly
- Completed reload, in  1.010 seconds
Platform modules already initialized, skipping
Refreshing native plugins compatible for Editor in 0.69 ms, found 2 plugins.
Preloading 0 native plugins for Editor in 0.00 ms.
Unloading 3369 Unused Serialized files (Serialized files now loaded: 0)
System memory in use before: 131.9 MB.
System memory in use after: 132.0 MB.

Unloading 17 unused Assets to reduce memory usage. Loaded Objects now: 3902.
Total: 2.711700 ms (FindLiveObjects: 0.412000 ms CreateObjectMapping: 0.110300 ms MarkObjects: 2.070300 ms  DeleteObjects: 0.117600 ms)

========================================================================
Received Prepare
Registering precompiled user dll's ...
Registered in 0.008072 seconds.
Begin MonoManager ReloadAssembly
Native extension for WindowsStandalone target not found
Refreshing native plugins compatible for Editor in 0.90 ms, found 2 plugins.
Preloading 0 native plugins for Editor in 0.00 ms.
Mono: successfully reloaded assembly
- Completed reload, in  1.037 seconds
Platform modules already initialized, skipping
Refreshing native plugins compatible for Editor in 0.90 ms, found 2 plugins.
Preloading 0 native plugins for Editor in 0.00 ms.
Unloading 3524 Unused Serialized files (Serialized files now loaded: 0)
System memory in use before: 137.1 MB.
System memory in use after: 137.2 MB.

Unloading 19 unused Assets to reduce memory usage. Loaded Objects now: 4059.
Total: 6.156800 ms (FindLiveObjects: 0.805400 ms CreateObjectMapping: 0.304500 ms MarkObjects: 4.823700 ms  DeleteObjects: 0.220900 ms)

========================================================================
Received Prepare
Registering precompiled user dll's ...
Registered in 0.004100 seconds.
Begin MonoManager ReloadAssembly
Native extension for WindowsStandalone target not found
Refreshing native plugins compatible for Editor in 0.87 ms, found 2 plugins.
Preloading 0 native plugins for Editor in 0.00 ms.
Mono: successfully reloaded assembly
- Completed reload, in  0.954 seconds
Platform modules already initialized, skipping
Refreshing native plugins compatible for Editor in 0.82 ms, found 2 plugins.
Preloading 0 native plugins for Editor in 0.00 ms.
Unloading 3523 Unused Serialized files (Serialized files now loaded: 0)
System memory in use before: 137.1 MB.
System memory in use after: 137.2 MB.

Unloading 19 unused Assets to reduce memory usage. Loaded Objects now: 4063.
Total: 3.662400 ms (FindLiveObjects: 0.582700 ms CreateObjectMapping: 0.211000 ms MarkObjects: 2.748700 ms  DeleteObjects: 0.118500 ms)

========================================================================
Received Prepare
Registering precompiled user dll's ...
Registered in 0.005986 seconds.
Begin MonoManager ReloadAssembly
Native extension for WindowsStandalone target not found
Refreshing native plugins compatible for Editor in 1.51 ms, found 2 plugins.
Preloading 0 native plugins for Editor in 0.00 ms.
Mono: successfully reloaded assembly
- Completed reload, in  1.112 seconds
Platform modules already initialized, skipping
Refreshing native plugins compatible for Editor in 1.63 ms, found 2 plugins.
Preloading 0 native plugins for Editor in 0.00 ms.
Unloading 3523 Unused Serialized files (Serialized files now loaded: 0)
System memory in use before: 137.1 MB.
System memory in use after: 137.2 MB.

Unloading 19 unused Assets to reduce memory usage. Loaded Objects now: 4067.
Total: 3.067500 ms (FindLiveObjects: 0.408100 ms CreateObjectMapping: 0.141100 ms MarkObjects: 2.399700 ms  DeleteObjects: 0.117400 ms)

========================================================================
Received Prepare
Registering precompiled user dll's ...
Registered in 0.004701 seconds.
Begin MonoManager ReloadAssembly
Native extension for WindowsStandalone target not found
Refreshing native plugins compatible for Editor in 1.46 ms, found 2 plugins.
Preloading 0 native plugins for Editor in 0.00 ms.
Mono: successfully reloaded assembly
- Completed reload, in  1.187 seconds
Platform modules already initialized, skipping
Refreshing native plugins compatible for Editor in 1.61 ms, found 2 plugins.
Preloading 0 native plugins for Editor in 0.00 ms.
Unloading 3523 Unused Serialized files (Serialized files now loaded: 0)
System memory in use before: 137.1 MB.
System memory in use after: 137.2 MB.

Unloading 19 unused Assets to reduce memory usage. Loaded Objects now: 4071.
Total: 3.288200 ms (FindLiveObjects: 0.337700 ms CreateObjectMapping: 0.129200 ms MarkObjects: 2.668000 ms  DeleteObjects: 0.151800 ms)

========================================================================
Received Prepare
Registering precompiled user dll's ...
Registered in 0.005759 seconds.
Begin MonoManager ReloadAssembly
Native extension for WindowsStandalone target not found
Refreshing native plugins compatible for Editor in 1.16 ms, found 2 plugins.
Preloading 0 native plugins for Editor in 0.00 ms.
Mono: successfully reloaded assembly
- Completed reload, in  1.185 seconds
Platform modules already initialized, skipping
Refreshing native plugins compatible for Editor in 2.17 ms, found 2 plugins.
Preloading 0 native plugins for Editor in 0.00 ms.
Unloading 3523 Unused Serialized files (Serialized files now loaded: 0)
System memory in use before: 137.1 MB.
System memory in use after: 137.2 MB.

Unloading 19 unused Assets to reduce memory usage. Loaded Objects now: 4075.
Total: 6.693600 ms (FindLiveObjects: 0.765600 ms CreateObjectMapping: 0.136900 ms MarkObjects: 5.554600 ms  DeleteObjects: 0.234600 ms)

========================================================================
Received Prepare
Registering precompiled user dll's ...
Registered in 0.004701 seconds.
Begin MonoManager ReloadAssembly
Native extension for WindowsStandalone target not found
Refreshing native plugins compatible for Editor in 0.72 ms, found 2 plugins.
Preloading 0 native plugins for Editor in 0.00 ms.
Mono: successfully reloaded assembly
- Completed reload, in  0.932 seconds
Platform modules already initialized, skipping
Refreshing native plugins compatible for Editor in 0.75 ms, found 2 plugins.
Preloading 0 native plugins for Editor in 0.00 ms.
Unloading 3523 Unused Serialized files (Serialized files now loaded: 0)
System memory in use before: 137.1 MB.
System memory in use after: 137.2 MB.

Unloading 19 unused Assets to reduce memory usage. Loaded Objects now: 4079.
Total: 3.216100 ms (FindLiveObjects: 0.567500 ms CreateObjectMapping: 0.143200 ms MarkObjects: 2.378400 ms  DeleteObjects: 0.125200 ms)

========================================================================
Received Prepare
Registering precompiled user dll's ...
Registered in 0.004377 seconds.
Begin MonoManager ReloadAssembly
Native extension for WindowsStandalone target not found
Refreshing native plugins compatible for Editor in 0.81 ms, found 2 plugins.
Preloading 0 native plugins for Editor in 0.00 ms.
Mono: successfully reloaded assembly
- Completed reload, in  0.949 seconds
Platform modules already initialized, skipping
Refreshing native plugins compatible for Editor in 0.79 ms, found 2 plugins.
Preloading 0 native plugins for Editor in 0.00 ms.
Unloading 3523 Unused Serialized files (Serialized files now loaded: 0)
System memory in use before: 137.2 MB.
System memory in use after: 137.2 MB.

Unloading 19 unused Assets to reduce memory usage. Loaded Objects now: 4083.
Total: 3.185200 ms (FindLiveObjects: 0.407600 ms CreateObjectMapping: 0.125600 ms MarkObjects: 2.520900 ms  DeleteObjects: 0.128900 ms)

========================================================================
Received Prepare
Registering precompiled user dll's ...
Registered in 0.012610 seconds.
Begin MonoManager ReloadAssembly
Native extension for WindowsStandalone target not found
Refreshing native plugins compatible for Editor in 0.83 ms, found 2 plugins.
Preloading 0 native plugins for Editor in 0.00 ms.
Mono: successfully reloaded assembly
- Completed reload, in  1.022 seconds
Platform modules already initialized, skipping
Refreshing native plugins compatible for Editor in 0.76 ms, found 2 plugins.
Preloading 0 native plugins for Editor in 0.00 ms.
Unloading 3523 Unused Serialized files (Serialized files now loaded: 0)
System memory in use before: 137.2 MB.
System memory in use after: 137.2 MB.

Unloading 19 unused Assets to reduce memory usage. Loaded Objects now: 4087.
Total: 2.949300 ms (FindLiveObjects: 0.340000 ms CreateObjectMapping: 0.094900 ms MarkObjects: 2.391200 ms  DeleteObjects: 0.122200 ms)

========================================================================
Received Prepare
Registering precompiled user dll's ...
Registered in 0.004534 seconds.
Begin MonoManager ReloadAssembly
Native extension for WindowsStandalone target not found
Refreshing native plugins compatible for Editor in 1.23 ms, found 2 plugins.
Preloading 0 native plugins for Editor in 0.00 ms.
Mono: successfully reloaded assembly
- Completed reload, in  0.972 seconds
Platform modules already initialized, skipping
Refreshing native plugins compatible for Editor in 0.83 ms, found 2 plugins.
Preloading 0 native plugins for Editor in 0.00 ms.
Unloading 3523 Unused Serialized files (Serialized files now loaded: 0)
System memory in use before: 137.2 MB.
System memory in use after: 137.3 MB.

Unloading 19 unused Assets to reduce memory usage. Loaded Objects now: 4091.
Total: 3.159500 ms (FindLiveObjects: 0.425000 ms CreateObjectMapping: 0.162200 ms MarkObjects: 2.444700 ms  DeleteObjects: 0.125900 ms)

========================================================================
Received Prepare
Registering precompiled user dll's ...
Registered in 0.005042 seconds.
Begin MonoManager ReloadAssembly
Native extension for WindowsStandalone target not found
Refreshing native plugins compatible for Editor in 0.82 ms, found 2 plugins.
Preloading 0 native plugins for Editor in 0.00 ms.
Mono: successfully reloaded assembly
- Completed reload, in  1.079 seconds
Platform modules already initialized, skipping
Refreshing native plugins compatible for Editor in 0.93 ms, found 2 plugins.
Preloading 0 native plugins for Editor in 0.00 ms.
Unloading 3523 Unused Serialized files (Serialized files now loaded: 0)
System memory in use before: 137.2 MB.
System memory in use after: 137.3 MB.

Unloading 19 unused Assets to reduce memory usage. Loaded Objects now: 4095.
Total: 3.986000 ms (FindLiveObjects: 0.529300 ms CreateObjectMapping: 0.268700 ms MarkObjects: 3.019400 ms  DeleteObjects: 0.167000 ms)

========================================================================
Received Prepare
Registering precompiled user dll's ...
Registered in 0.004015 seconds.
Begin MonoManager ReloadAssembly
Native extension for WindowsStandalone target not found
Refreshing native plugins compatible for Editor in 0.76 ms, found 2 plugins.
Preloading 0 native plugins for Editor in 0.00 ms.
Mono: successfully reloaded assembly
- Completed reload, in  0.948 seconds
Platform modules already initialized, skipping
Refreshing native plugins compatible for Editor in 0.75 ms, found 2 plugins.
Preloading 0 native plugins for Editor in 0.00 ms.
Unloading 3523 Unused Serialized files (Serialized files now loaded: 0)
System memory in use before: 137.2 MB.
System memory in use after: 137.3 MB.

Unloading 19 unused Assets to reduce memory usage. Loaded Objects now: 4099.
Total: 3.105600 ms (FindLiveObjects: 0.480100 ms CreateObjectMapping: 0.144700 ms MarkObjects: 2.343800 ms  DeleteObjects: 0.135300 ms)

========================================================================
Received Prepare
Registering precompiled user dll's ...
Registered in 0.004261 seconds.
Begin MonoManager ReloadAssembly
Native extension for WindowsStandalone target not found
Refreshing native plugins compatible for Editor in 0.76 ms, found 2 plugins.
Preloading 0 native plugins for Editor in 0.00 ms.
Mono: successfully reloaded assembly
- Completed reload, in  0.958 seconds
Platform modules already initialized, skipping
Refreshing native plugins compatible for Editor in 1.04 ms, found 2 plugins.
Preloading 0 native plugins for Editor in 0.00 ms.
Unloading 3523 Unused Serialized files (Serialized files now loaded: 0)
System memory in use before: 137.2 MB.
System memory in use after: 137.3 MB.

Unloading 19 unused Assets to reduce memory usage. Loaded Objects now: 4103.
Total: 3.347700 ms (FindLiveObjects: 0.474300 ms CreateObjectMapping: 0.211400 ms MarkObjects: 2.541800 ms  DeleteObjects: 0.118100 ms)

========================================================================
Received Prepare
Registering precompiled user dll's ...
Registered in 0.004718 seconds.
Begin MonoManager ReloadAssembly
Native extension for WindowsStandalone target not found
Refreshing native plugins compatible for Editor in 0.73 ms, found 2 plugins.
Preloading 0 native plugins for Editor in 0.00 ms.
Mono: successfully reloaded assembly
- Completed reload, in  0.922 seconds
Platform modules already initialized, skipping
Refreshing native plugins compatible for Editor in 0.84 ms, found 2 plugins.
Preloading 0 native plugins for Editor in 0.00 ms.
Unloading 3523 Unused Serialized files (Serialized files now loaded: 0)
System memory in use before: 137.2 MB.
System memory in use after: 137.3 MB.

Unloading 19 unused Assets to reduce memory usage. Loaded Objects now: 4107.
Total: 3.464900 ms (FindLiveObjects: 0.448600 ms CreateObjectMapping: 0.194000 ms MarkObjects: 2.667100 ms  DeleteObjects: 0.153300 ms)

========================================================================
Received Prepare
Registering precompiled user dll's ...
Registered in 0.004787 seconds.
Begin MonoManager ReloadAssembly
Native extension for WindowsStandalone target not found
Refreshing native plugins compatible for Editor in 0.76 ms, found 2 plugins.
Preloading 0 native plugins for Editor in 0.00 ms.
Mono: successfully reloaded assembly
- Completed reload, in  0.964 seconds
Platform modules already initialized, skipping
Refreshing native plugins compatible for Editor in 0.72 ms, found 2 plugins.
Preloading 0 native plugins for Editor in 0.00 ms.
Unloading 3523 Unused Serialized files (Serialized files now loaded: 0)
System memory in use before: 137.2 MB.
System memory in use after: 137.3 MB.

Unloading 19 unused Assets to reduce memory usage. Loaded Objects now: 4111.
Total: 3.244600 ms (FindLiveObjects: 0.444900 ms CreateObjectMapping: 0.175900 ms MarkObjects: 2.471500 ms  DeleteObjects: 0.150200 ms)

========================================================================
Received Prepare
Registering precompiled user dll's ...
Registered in 0.004092 seconds.
Begin MonoManager ReloadAssembly
Native extension for WindowsStandalone target not found
Refreshing native plugins compatible for Editor in 0.76 ms, found 2 plugins.
Preloading 0 native plugins for Editor in 0.00 ms.
Mono: successfully reloaded assembly
- Completed reload, in  0.962 seconds
Platform modules already initialized, skipping
Refreshing native plugins compatible for Editor in 0.78 ms, found 2 plugins.
Preloading 0 native plugins for Editor in 0.00 ms.
Unloading 3523 Unused Serialized files (Serialized files now loaded: 0)
System memory in use before: 137.2 MB.
System memory in use after: 137.3 MB.

Unloading 19 unused Assets to reduce memory usage. Loaded Objects now: 4115.
Total: 3.000800 ms (FindLiveObjects: 0.359500 ms CreateObjectMapping: 0.102500 ms MarkObjects: 2.414400 ms  DeleteObjects: 0.122700 ms)

========================================================================
Received Prepare
Registering precompiled user dll's ...
Registered in 0.004316 seconds.
Begin MonoManager ReloadAssembly
Native extension for WindowsStandalone target not found
Refreshing native plugins compatible for Editor in 0.76 ms, found 2 plugins.
Preloading 0 native plugins for Editor in 0.00 ms.
Mono: successfully reloaded assembly
- Completed reload, in  0.952 seconds
Platform modules already initialized, skipping
Refreshing native plugins compatible for Editor in 0.73 ms, found 2 plugins.
Preloading 0 native plugins for Editor in 0.00 ms.
Unloading 3523 Unused Serialized files (Serialized files now loaded: 0)
System memory in use before: 137.2 MB.
System memory in use after: 137.3 MB.

Unloading 19 unused Assets to reduce memory usage. Loaded Objects now: 4119.
Total: 3.732400 ms (FindLiveObjects: 0.454300 ms CreateObjectMapping: 0.100800 ms MarkObjects: 3.055200 ms  DeleteObjects: 0.120700 ms)

========================================================================
Received Prepare
Registering precompiled user dll's ...
Registered in 0.004009 seconds.
Begin MonoManager ReloadAssembly
Native extension for WindowsStandalone target not found
Refreshing native plugins compatible for Editor in 0.80 ms, found 2 plugins.
Preloading 0 native plugins for Editor in 0.00 ms.
Mono: successfully reloaded assembly
- Completed reload, in  0.928 seconds
Platform modules already initialized, skipping
Refreshing native plugins compatible for Editor in 0.89 ms, found 2 plugins.
Preloading 0 native plugins for Editor in 0.00 ms.
Unloading 3523 Unused Serialized files (Serialized files now loaded: 0)
System memory in use before: 137.2 MB.
System memory in use after: 137.3 MB.

Unloading 19 unused Assets to reduce memory usage. Loaded Objects now: 4123.
Total: 3.271700 ms (FindLiveObjects: 0.405300 ms CreateObjectMapping: 0.117300 ms MarkObjects: 2.624600 ms  DeleteObjects: 0.123100 ms)

========================================================================
Received Prepare
Registering precompiled user dll's ...
Registered in 0.004331 seconds.
Begin MonoManager ReloadAssembly
Native extension for WindowsStandalone target not found
Refreshing native plugins compatible for Editor in 0.84 ms, found 2 plugins.
Preloading 0 native plugins for Editor in 0.00 ms.
Mono: successfully reloaded assembly
- Completed reload, in  1.100 seconds
Platform modules already initialized, skipping
Refreshing native plugins compatible for Editor in 0.75 ms, found 2 plugins.
Preloading 0 native plugins for Editor in 0.00 ms.
Unloading 3523 Unused Serialized files (Serialized files now loaded: 0)
System memory in use before: 137.3 MB.
System memory in use after: 137.3 MB.

Unloading 19 unused Assets to reduce memory usage. Loaded Objects now: 4127.
Total: 8.430000 ms (FindLiveObjects: 1.268000 ms CreateObjectMapping: 0.458800 ms MarkObjects: 6.431200 ms  DeleteObjects: 0.267600 ms)

========================================================================
Received Prepare
Registering precompiled user dll's ...
Registered in 0.004316 seconds.
Begin MonoManager ReloadAssembly
Native extension for WindowsStandalone target not found
Refreshing native plugins compatible for Editor in 0.93 ms, found 2 plugins.
Preloading 0 native plugins for Editor in 0.00 ms.
Mono: successfully reloaded assembly
- Completed reload, in  1.135 seconds
Platform modules already initialized, skipping
Refreshing native plugins compatible for Editor in 1.59 ms, found 2 plugins.
Preloading 0 native plugins for Editor in 0.00 ms.
Unloading 3523 Unused Serialized files (Serialized files now loaded: 0)
System memory in use before: 137.3 MB.
System memory in use after: 137.4 MB.

Unloading 19 unused Assets to reduce memory usage. Loaded Objects now: 4131.
Total: 5.331900 ms (FindLiveObjects: 0.350100 ms CreateObjectMapping: 0.103300 ms MarkObjects: 4.641600 ms  DeleteObjects: 0.234600 ms)

========================================================================
Received Prepare
Registering precompiled user dll's ...
Registered in 0.005053 seconds.
Begin MonoManager ReloadAssembly
Native extension for WindowsStandalone target not found
Refreshing native plugins compatible for Editor in 0.82 ms, found 2 plugins.
Preloading 0 native plugins for Editor in 0.00 ms.
Mono: successfully reloaded assembly
- Completed reload, in  1.136 seconds
Platform modules already initialized, skipping
Refreshing native plugins compatible for Editor in 1.44 ms, found 2 plugins.
Preloading 0 native plugins for Editor in 0.00 ms.
Unloading 3523 Unused Serialized files (Serialized files now loaded: 0)
System memory in use before: 137.3 MB.
System memory in use after: 137.4 MB.

Unloading 19 unused Assets to reduce memory usage. Loaded Objects now: 4135.
Total: 3.547100 ms (FindLiveObjects: 0.405100 ms CreateObjectMapping: 0.151700 ms MarkObjects: 2.848700 ms  DeleteObjects: 0.140000 ms)

========================================================================
Received Import Request.
  Time since last request: 3259.183009 seconds.
  path: Assets/Tiny RPG Forest/Artwork/sprites/misc/coin/Materials
  artifactKey: Guid(01d81c38ac96f94419d035d8f6615b93) Importer(815301076,1909f56bfc062723c751e8b465ee728b)
Start importing Assets/Tiny RPG Forest/Artwork/sprites/misc/coin/Materials using Guid(01d81c38ac96f94419d035d8f6615b93) Importer(815301076,1909f56bfc062723c751e8b465ee728b)  -> (artifact id: '17e7a1c89b92bffb52ba98c64a53a07a') in 0.020756 seconds 
========================================================================
Received Import Request.
  Time since last request: 6.462774 seconds.
  path: Assets/Tiny RPG Forest/Artwork/sprites/mole/walk/mole-walk-front
  artifactKey: Guid(44c049dc5000047f78bf9ee66755f165) Importer(815301076,1909f56bfc062723c751e8b465ee728b)
Start importing Assets/Tiny RPG Forest/Artwork/sprites/mole/walk/mole-walk-front using Guid(44c049dc5000047f78bf9ee66755f165) Importer(815301076,1909f56bfc062723c751e8b465ee728b)  -> (artifact id: 'faca3cba8bd12cc228feb98e6a5cc971') in 0.013743 seconds 
========================================================================
Received Import Request.
  Time since last request: 0.032265 seconds.
  path: Assets/Tiny RPG Forest/Artwork/sprites/mole/walk/mole-walk-front/mole-walk-front-1.png
  artifactKey: Guid(9261801f4828c4a64962dd95cd07d553) Importer(815301076,1909f56bfc062723c751e8b465ee728b)
Start importing Assets/Tiny RPG Forest/Artwork/sprites/mole/walk/mole-walk-front/mole-walk-front-1.png using Guid(9261801f4828c4a64962dd95cd07d553) Importer(815301076,1909f56bfc062723c751e8b465ee728b)  -> (artifact id: 'e7437e0ba9efab9413c7b4ae23c2cb11') in 0.175926 seconds 
========================================================================
Received Import Request.
  Time since last request: 0.000325 seconds.
  path: Assets/Tiny RPG Forest/Artwork/sprites/mole/walk/mole-walk-front/mole-walk-front-3.png
  artifactKey: Guid(3c311fccc1bc3470d85f8915b9df0227) Importer(815301076,1909f56bfc062723c751e8b465ee728b)
Start importing Assets/Tiny RPG Forest/Artwork/sprites/mole/walk/mole-walk-front/mole-walk-front-3.png using Guid(3c311fccc1bc3470d85f8915b9df0227) Importer(815301076,1909f56bfc062723c751e8b465ee728b)  -> (artifact id: 'eda2e519827eacf54ae8c515f63d8b56') in 0.030128 seconds 
========================================================================
Received Import Request.
  Time since last request: 0.000382 seconds.
  path: Assets/Tiny RPG Forest/Artwork/sprites/mole/walk/mole-walk-front/mole-walk-front-2.png
  artifactKey: Guid(25f6063510d624f60968b12ef0c47cd7) Importer(815301076,1909f56bfc062723c751e8b465ee728b)
Start importing Assets/Tiny RPG Forest/Artwork/sprites/mole/walk/mole-walk-front/mole-walk-front-2.png using Guid(25f6063510d624f60968b12ef0c47cd7) Importer(815301076,1909f56bfc062723c751e8b465ee728b)  -> (artifact id: '19e19bdd826f04392804640bf584c1a2') in 0.029063 seconds 
========================================================================
Received Import Request.
  Time since last request: 0.000382 seconds.
  path: Assets/Tiny RPG Forest/Artwork/sprites/mole/walk/mole-walk-front/mole-walk-front-4.png
  artifactKey: Guid(011420257b30442eda09d13513883885) Importer(815301076,1909f56bfc062723c751e8b465ee728b)
Start importing Assets/Tiny RPG Forest/Artwork/sprites/mole/walk/mole-walk-front/mole-walk-front-4.png using Guid(011420257b30442eda09d13513883885) Importer(815301076,1909f56bfc062723c751e8b465ee728b)  -> (artifact id: 'eb8b2121ab51b8b664d9644c844cf585') in 0.034120 seconds 
========================================================================
Received Prepare
Registering precompiled user dll's ...
Registered in 0.005802 seconds.
Begin MonoManager ReloadAssembly
Native extension for WindowsStandalone target not found
Refreshing native plugins compatible for Editor in 1.34 ms, found 2 plugins.
Preloading 0 native plugins for Editor in 0.00 ms.
Mono: successfully reloaded assembly
- Completed reload, in  1.191 seconds
Platform modules already initialized, skipping
Refreshing native plugins compatible for Editor in 1.10 ms, found 2 plugins.
Preloading 0 native plugins for Editor in 0.00 ms.
Unloading 3527 Unused Serialized files (Serialized files now loaded: 0)
System memory in use before: 139.6 MB.
System memory in use after: 139.7 MB.

Unloading 19 unused Assets to reduce memory usage. Loaded Objects now: 4203.
Total: 4.039000 ms (FindLiveObjects: 0.469800 ms CreateObjectMapping: 0.104700 ms MarkObjects: 3.199500 ms  DeleteObjects: 0.261800 ms)

========================================================================
Received Prepare
Registering precompiled user dll's ...
Registered in 0.005195 seconds.
Begin MonoManager ReloadAssembly
Native extension for WindowsStandalone target not found
Refreshing native plugins compatible for Editor in 0.99 ms, found 2 plugins.
Preloading 0 native plugins for Editor in 0.00 ms.
Mono: successfully reloaded assembly
- Completed reload, in  1.107 seconds
Platform modules already initialized, skipping
Refreshing native plugins compatible for Editor in 0.82 ms, found 2 plugins.
Preloading 0 native plugins for Editor in 0.00 ms.
Unloading 3523 Unused Serialized files (Serialized files now loaded: 0)
System memory in use before: 139.4 MB.
System memory in use after: 139.5 MB.

Unloading 19 unused Assets to reduce memory usage. Loaded Objects now: 4207.
Total: 4.881500 ms (FindLiveObjects: 0.931600 ms CreateObjectMapping: 0.390600 ms MarkObjects: 3.390600 ms  DeleteObjects: 0.166300 ms)

AssetImportWorkerClient::OnTransportError - code=2 error=End of file
