Using pre-set license
Built from '2021.1/staging' branch; Version is '2021.1.3f1 (4bef613afd59) revision 4976481'; Using compiler version '192528614'; Build Type 'Release'
OS: 'Windows 10 Home Single Language; OS build 22000.2538; Version 2009; 64bit' Language: 'es' Physical Memory: 15741 MB
BatchMode: 1, IsHumanControllingUs: 0, StartBugReporterOnCrash: 0, Is64bit: 1, IsPro: 0

 COMMAND LINE ARGUMENTS:
C:\Program Files\Unity\Hub\Editor\2021.1.3f1\Editor\Unity.exe
-adb2
-batchMode
-noUpm
-name
AssetImportWorker0
-projectPath
C:/Users/07con/Prueba1
-logFile
Logs/AssetImportWorker0.log
-srvPort
65225
Successfully changed project path to: C:/Users/07con/Prueba1
C:/Users/07con/Prueba1
Using Asset Import Pipeline V2.
Refreshing native plugins compatible for Editor in 99.21 ms, found 2 plugins.
Preloading 0 native plugins for Editor in 0.00 ms.
Initialize engine version: 2021.1.3f1 (4bef613afd59)
[Subsystems] Discovering subsystems at path C:/Program Files/Unity/Hub/Editor/2021.1.3f1/Editor/Data/Resources/UnitySubsystems
[Subsystems] Discovering subsystems at path C:/Users/07con/Prueba1/Assets
GfxDevice: creating device client; threaded=0; jobified=0
Direct3D:
    Version:  Direct3D 11.0 [level 11.1]
    Renderer: NVIDIA GeForce GTX 1650 (ID=0x1f99)
    Vendor:   NVIDIA
    VRAM:     3950 MB
    Driver:   31.0.15.3713
Initialize mono
Mono path[0] = 'C:/Program Files/Unity/Hub/Editor/2021.1.3f1/Editor/Data/Managed'
Mono path[1] = 'C:/Program Files/Unity/Hub/Editor/2021.1.3f1/Editor/Data/MonoBleedingEdge/lib/mono/unityjit'
Mono config path = 'C:/Program Files/Unity/Hub/Editor/2021.1.3f1/Editor/Data/MonoBleedingEdge/etc'
Using monoOptions --debugger-agent=transport=dt_socket,embedding=1,server=y,suspend=n,address=127.0.0.1:56856
Begin MonoManager ReloadAssembly
Registering precompiled unity dll's ...
Register platform support module: C:/Program Files/Unity/Hub/Editor/2021.1.3f1/Editor/Data/PlaybackEngines/WindowsStandaloneSupport/UnityEditor.WindowsStandalone.Extensions.dll
Registered in 0.001663 seconds.
Native extension for WindowsStandalone target not found
Refreshing native plugins compatible for Editor in 105.01 ms, found 2 plugins.
Preloading 0 native plugins for Editor in 0.00 ms.
Mono: successfully reloaded assembly
- Completed reload, in  1.356 seconds
Platform modules already initialized, skipping
Registering precompiled user dll's ...
Registered in 0.004341 seconds.
Begin MonoManager ReloadAssembly
Native extension for WindowsStandalone target not found
Refreshing native plugins compatible for Editor in 104.20 ms, found 2 plugins.
Preloading 0 native plugins for Editor in 0.00 ms.
Mono: successfully reloaded assembly
- Completed reload, in  1.101 seconds
Platform modules already initialized, skipping
========================================================================
Worker process is ready to serve import requests
Launched and connected shader compiler UnityShaderCompiler.exe after 0.05 seconds
Refreshing native plugins compatible for Editor in 0.77 ms, found 2 plugins.
Preloading 0 native plugins for Editor in 0.00 ms.
Unloading 3529 Unused Serialized files (Serialized files now loaded: 0)
System memory in use before: 133.3 MB.
System memory in use after: 133.3 MB.

Unloading 30 unused Assets to reduce memory usage. Loaded Objects now: 3981.
Total: 2.800800 ms (FindLiveObjects: 0.343200 ms CreateObjectMapping: 0.102700 ms MarkObjects: 2.228000 ms  DeleteObjects: 0.125900 ms)

========================================================================
Received Import Request.
  path: Assets/Prefab
  artifactKey: Guid(baf437c3b3471c349ad11e01dd3d07e0) Importer(815301076,1909f56bfc062723c751e8b465ee728b)
Start importing Assets/Prefab using Guid(baf437c3b3471c349ad11e01dd3d07e0) Importer(815301076,1909f56bfc062723c751e8b465ee728b)  -> (artifact id: '05a1de907cd85a2577bfd7478aff752b') in 0.013547 seconds 
========================================================================
Received Prepare
Registering precompiled user dll's ...
Registered in 0.003611 seconds.
Begin MonoManager ReloadAssembly
Native extension for WindowsStandalone target not found
Refreshing native plugins compatible for Editor in 0.75 ms, found 2 plugins.
Preloading 0 native plugins for Editor in 0.00 ms.
Mono: successfully reloaded assembly
- Completed reload, in  0.930 seconds
Platform modules already initialized, skipping
Refreshing native plugins compatible for Editor in 0.77 ms, found 2 plugins.
Preloading 0 native plugins for Editor in 0.00 ms.
Unloading 3522 Unused Serialized files (Serialized files now loaded: 0)
System memory in use before: 133.1 MB.
System memory in use after: 133.2 MB.

Unloading 18 unused Assets to reduce memory usage. Loaded Objects now: 3985.
Total: 2.914100 ms (FindLiveObjects: 0.397800 ms CreateObjectMapping: 0.103800 ms MarkObjects: 2.305200 ms  DeleteObjects: 0.105700 ms)

========================================================================
Received Prepare
Registering precompiled user dll's ...
Registered in 0.004166 seconds.
Begin MonoManager ReloadAssembly
Native extension for WindowsStandalone target not found
Refreshing native plugins compatible for Editor in 0.90 ms, found 2 plugins.
Preloading 0 native plugins for Editor in 0.00 ms.
Mono: successfully reloaded assembly
- Completed reload, in  1.140 seconds
Platform modules already initialized, skipping
Refreshing native plugins compatible for Editor in 1.26 ms, found 2 plugins.
Preloading 0 native plugins for Editor in 0.00 ms.
Unloading 3522 Unused Serialized files (Serialized files now loaded: 0)
System memory in use before: 133.2 MB.
System memory in use after: 133.3 MB.

Unloading 18 unused Assets to reduce memory usage. Loaded Objects now: 3989.
Total: 4.089700 ms (FindLiveObjects: 0.826400 ms CreateObjectMapping: 0.250000 ms MarkObjects: 2.900400 ms  DeleteObjects: 0.110300 ms)

========================================================================
Received Import Request.
  Time since last request: 119.053037 seconds.
  path: Assets/Scripts/bala.cs
  artifactKey: Guid(16393a56ae29e9e48b7b8942b37411fe) Importer(815301076,1909f56bfc062723c751e8b465ee728b)
Start importing Assets/Scripts/bala.cs using Guid(16393a56ae29e9e48b7b8942b37411fe) Importer(815301076,1909f56bfc062723c751e8b465ee728b)  -> (artifact id: 'daa565f69d5a762d95cb139f99614963') in 0.061165 seconds 
========================================================================
Received Prepare
Registering precompiled user dll's ...
Registered in 0.003871 seconds.
Begin MonoManager ReloadAssembly
Native extension for WindowsStandalone target not found
Refreshing native plugins compatible for Editor in 0.74 ms, found 2 plugins.
Preloading 0 native plugins for Editor in 0.00 ms.
Mono: successfully reloaded assembly
- Completed reload, in  0.906 seconds
Platform modules already initialized, skipping
Refreshing native plugins compatible for Editor in 0.82 ms, found 2 plugins.
Preloading 0 native plugins for Editor in 0.00 ms.
Unloading 3523 Unused Serialized files (Serialized files now loaded: 0)
System memory in use before: 133.2 MB.
System memory in use after: 133.3 MB.

Unloading 18 unused Assets to reduce memory usage. Loaded Objects now: 3994.
Total: 3.043700 ms (FindLiveObjects: 0.426000 ms CreateObjectMapping: 0.249000 ms MarkObjects: 2.252700 ms  DeleteObjects: 0.113700 ms)

========================================================================
Received Import Request.
  Time since last request: 93.326576 seconds.
  path: Assets/Scripts/CoinFast.cs
  artifactKey: Guid(cd98077b86256054499f37ed2bf55bbd) Importer(815301076,1909f56bfc062723c751e8b465ee728b)
Start importing Assets/Scripts/CoinFast.cs using Guid(cd98077b86256054499f37ed2bf55bbd) Importer(815301076,1909f56bfc062723c751e8b465ee728b)  -> (artifact id: '3b75c21882e0b6e76173d4a301a4140e') in 0.020223 seconds 
========================================================================
Received Prepare
Registering precompiled user dll's ...
Registered in 0.003768 seconds.
Begin MonoManager ReloadAssembly
Native extension for WindowsStandalone target not found
Refreshing native plugins compatible for Editor in 0.76 ms, found 2 plugins.
Preloading 0 native plugins for Editor in 0.00 ms.
Mono: successfully reloaded assembly
- Completed reload, in  0.993 seconds
Platform modules already initialized, skipping
Refreshing native plugins compatible for Editor in 0.75 ms, found 2 plugins.
Preloading 0 native plugins for Editor in 0.00 ms.
Unloading 3523 Unused Serialized files (Serialized files now loaded: 0)
System memory in use before: 133.3 MB.
System memory in use after: 133.4 MB.

Unloading 18 unused Assets to reduce memory usage. Loaded Objects now: 3998.
Total: 3.503700 ms (FindLiveObjects: 0.769200 ms CreateObjectMapping: 0.442100 ms MarkObjects: 2.179400 ms  DeleteObjects: 0.110700 ms)

========================================================================
Received Import Request.
  Time since last request: 16.858616 seconds.
  path: Assets/Scripts/Enemigo.cs
  artifactKey: Guid(6aa9677ca908092419c9b726bd0080b0) Importer(815301076,1909f56bfc062723c751e8b465ee728b)
Start importing Assets/Scripts/Enemigo.cs using Guid(6aa9677ca908092419c9b726bd0080b0) Importer(815301076,1909f56bfc062723c751e8b465ee728b)  -> (artifact id: '110a5fa61c28187760e1d535ca01b1d6') in 0.014035 seconds 
========================================================================
Received Prepare
Registering precompiled user dll's ...
Registered in 0.004007 seconds.
Begin MonoManager ReloadAssembly
Native extension for WindowsStandalone target not found
Refreshing native plugins compatible for Editor in 0.76 ms, found 2 plugins.
Preloading 0 native plugins for Editor in 0.00 ms.
Mono: successfully reloaded assembly
- Completed reload, in  0.963 seconds
Platform modules already initialized, skipping
Refreshing native plugins compatible for Editor in 0.75 ms, found 2 plugins.
Preloading 0 native plugins for Editor in 0.00 ms.
Unloading 3523 Unused Serialized files (Serialized files now loaded: 0)
System memory in use before: 133.3 MB.
System memory in use after: 133.4 MB.

Unloading 18 unused Assets to reduce memory usage. Loaded Objects now: 4002.
Total: 2.735000 ms (FindLiveObjects: 0.339600 ms CreateObjectMapping: 0.097800 ms MarkObjects: 2.192300 ms  DeleteObjects: 0.103900 ms)

========================================================================
Received Prepare
Registering precompiled user dll's ...
Registered in 0.003790 seconds.
Begin MonoManager ReloadAssembly
Native extension for WindowsStandalone target not found
Refreshing native plugins compatible for Editor in 0.80 ms, found 2 plugins.
Preloading 0 native plugins for Editor in 0.00 ms.
Mono: successfully reloaded assembly
- Completed reload, in  0.962 seconds
Platform modules already initialized, skipping
Refreshing native plugins compatible for Editor in 0.95 ms, found 2 plugins.
Preloading 0 native plugins for Editor in 0.00 ms.
Unloading 3523 Unused Serialized files (Serialized files now loaded: 0)
System memory in use before: 133.3 MB.
System memory in use after: 133.4 MB.

Unloading 18 unused Assets to reduce memory usage. Loaded Objects now: 4006.
Total: 2.802800 ms (FindLiveObjects: 0.385000 ms CreateObjectMapping: 0.095400 ms MarkObjects: 2.211300 ms  DeleteObjects: 0.109400 ms)

========================================================================
Received Prepare
Registering precompiled user dll's ...
Registered in 0.003691 seconds.
Begin MonoManager ReloadAssembly
Native extension for WindowsStandalone target not found
Refreshing native plugins compatible for Editor in 0.76 ms, found 2 plugins.
Preloading 0 native plugins for Editor in 0.00 ms.
Mono: successfully reloaded assembly
- Completed reload, in  0.915 seconds
Platform modules already initialized, skipping
Refreshing native plugins compatible for Editor in 0.73 ms, found 2 plugins.
Preloading 0 native plugins for Editor in 0.00 ms.
Unloading 3523 Unused Serialized files (Serialized files now loaded: 0)
System memory in use before: 133.3 MB.
System memory in use after: 133.4 MB.

Unloading 18 unused Assets to reduce memory usage. Loaded Objects now: 4010.
Total: 2.835300 ms (FindLiveObjects: 0.434700 ms CreateObjectMapping: 0.166700 ms MarkObjects: 2.124000 ms  DeleteObjects: 0.108300 ms)

========================================================================
Received Prepare
Registering precompiled user dll's ...
Registered in 0.003720 seconds.
Begin MonoManager ReloadAssembly
Native extension for WindowsStandalone target not found
Refreshing native plugins compatible for Editor in 0.75 ms, found 2 plugins.
Preloading 0 native plugins for Editor in 0.00 ms.
Mono: successfully reloaded assembly
- Completed reload, in  0.937 seconds
Platform modules already initialized, skipping
Refreshing native plugins compatible for Editor in 0.75 ms, found 2 plugins.
Preloading 0 native plugins for Editor in 0.00 ms.
Unloading 3523 Unused Serialized files (Serialized files now loaded: 0)
System memory in use before: 133.3 MB.
System memory in use after: 133.4 MB.

Unloading 18 unused Assets to reduce memory usage. Loaded Objects now: 4014.
Total: 3.309000 ms (FindLiveObjects: 0.575300 ms CreateObjectMapping: 0.237500 ms MarkObjects: 2.391100 ms  DeleteObjects: 0.103100 ms)

========================================================================
Received Prepare
Registering precompiled user dll's ...
Registered in 0.003823 seconds.
Begin MonoManager ReloadAssembly
Native extension for WindowsStandalone target not found
Refreshing native plugins compatible for Editor in 1.18 ms, found 2 plugins.
Preloading 0 native plugins for Editor in 0.00 ms.
Mono: successfully reloaded assembly
- Completed reload, in  0.933 seconds
Platform modules already initialized, skipping
Refreshing native plugins compatible for Editor in 0.76 ms, found 2 plugins.
Preloading 0 native plugins for Editor in 0.00 ms.
Unloading 3523 Unused Serialized files (Serialized files now loaded: 0)
System memory in use before: 133.3 MB.
System memory in use after: 133.4 MB.

Unloading 18 unused Assets to reduce memory usage. Loaded Objects now: 4018.
Total: 3.451400 ms (FindLiveObjects: 0.728500 ms CreateObjectMapping: 0.246700 ms MarkObjects: 2.359900 ms  DeleteObjects: 0.114300 ms)

========================================================================
Received Prepare
Registering precompiled user dll's ...
Registered in 0.004313 seconds.
Begin MonoManager ReloadAssembly
Native extension for WindowsStandalone target not found
Refreshing native plugins compatible for Editor in 0.73 ms, found 2 plugins.
Preloading 0 native plugins for Editor in 0.00 ms.
Mono: successfully reloaded assembly
- Completed reload, in  0.924 seconds
Platform modules already initialized, skipping
Refreshing native plugins compatible for Editor in 0.79 ms, found 2 plugins.
Preloading 0 native plugins for Editor in 0.00 ms.
Unloading 3523 Unused Serialized files (Serialized files now loaded: 0)
System memory in use before: 133.4 MB.
System memory in use after: 133.5 MB.

Unloading 18 unused Assets to reduce memory usage. Loaded Objects now: 4022.
Total: 2.851600 ms (FindLiveObjects: 0.506100 ms CreateObjectMapping: 0.105100 ms MarkObjects: 2.134900 ms  DeleteObjects: 0.104000 ms)

AssetImportWorkerClient::OnTransportError - code=2 error=End of file
